<?xml version="1.0" encoding="UTF-8"?>
<!-- Generated by org.testng.reporters.JUnitXMLReporter -->
<testsuite ignored="0" hostname="DESKTOP-50QCBTU" failures="1" tests="1" name="Surefire test" time="8.319" errors="0" timestamp="2025-09-25T15:35:15 IST">
  <testcase classname="Tests.LoginTest" name="testValidLogin" time="0.922">
    <failure type="java.lang.AssertionError" message="expected [true] but found [false]">
      <![CDATA[java.lang.AssertionError: expected [true] but found [false]
at Tests.LoginTest.testValidLogin(LoginTest.java:19)
at java.base/java.util.ArrayList.forEach(ArrayList.java:1596)
... Removed 34 stack frames]]>
    </failure>
  </testcase> <!-- testValidLogin -->
</testsuite> <!-- Surefire test -->
