<?xml version="1.0" encoding="UTF-8"?>
<!-- Generated by org.testng.reporters.JUnitXMLReporter -->
<testsuite ignored="0" hostname="DESKTOP-50QCBTU" failures="0" tests="3" name="Default test" time="15.689" errors="0" timestamp="2025-09-25T17:11:26 IST">
  <testcase classname="Tests.RegisterTest" name="testUserRegistration" time="1.77"/>
  <testcase classname="Tests.RegisterTest" name="testUserRegistration" time="2.053"/>
  <testcase classname="Tests.RegisterTest" name="testUserRegistration" time="2.091"/>
</testsuite> <!-- Default test -->
