<?xml version="1.0" encoding="UTF-8"?>
<testng-results ignored="0" total="3" passed="3" failed="0" skipped="0">
  <reporter-output>
  </reporter-output>
  <suite started-at="2025-09-25T17:11:10 IST" name="Default suite" finished-at="2025-09-25T17:11:25 IST" duration-ms="15689">
    <groups>
    </groups>
    <test started-at="2025-09-25T17:11:10 IST" name="Default test" finished-at="2025-09-25T17:11:25 IST" duration-ms="15689">
      <class name="Tests.RegisterTest">
        <test-method is-config="true" signature="setUp()[pri:0, instance:Tests.RegisterTest@692f203f]" started-at="2025-09-25T17:11:10 IST" name="setUp" finished-at="2025-09-25T17:11:13 IST" duration-ms="3276" status="PASS">
          <reporter-output>
          </reporter-output>
        </test-method> <!-- setUp -->
        <test-method signature="testUserRegistration(java.lang.String,java.lang.String,java.lang.String,java.lang.String,java.lang.String,java.lang.String,java.lang.String,java.lang.String,java.lang.String,java.lang.String,java.lang.String)[pri:0, instance:Tests.RegisterTest@692f203f]" started-at="2025-09-25T17:11:13 IST" name="testUserRegistration" data-provider="registrationData" finished-at="2025-09-25T17:11:15 IST" duration-ms="1770" status="PASS">
          <params>
            <param index="0">
              <value>
                <![CDATA[Ramamani]]>
              </value>
            </param>
            <param index="1">
              <value>
                <![CDATA[Seshadri]]>
              </value>
            </param>
            <param index="2">
              <value>
                <![CDATA[123 Test Street]]>
              </value>
            </param>
            <param index="3">
              <value>
                <![CDATA[Bangalore]]>
              </value>
            </param>
            <param index="4">
              <value>
                <![CDATA[Karnataka]]>
              </value>
            </param>
            <param index="5">
              <value>
                <![CDATA[560001]]>
              </value>
            </param>
            <param index="6">
              <value>
                <![CDATA[9876543210]]>
              </value>
            </param>
            <param index="7">
              <value>
                <![CDATA[123456789]]>
              </value>
            </param>
            <param index="8">
              <value>
                <![CDATA[RamamaniQA1]]>
              </value>
            </param>
            <param index="9">
              <value>
                <![CDATA[Vaish@123]]>
              </value>
            </param>
            <param index="10">
              <value>
                <![CDATA[Vaish@123]]>
              </value>
            </param>
          </params>
          <reporter-output>
          </reporter-output>
        </test-method> <!-- testUserRegistration -->
        <test-method is-config="true" signature="tearDown()[pri:0, instance:Tests.RegisterTest@692f203f]" started-at="2025-09-25T17:11:15 IST" name="tearDown" finished-at="2025-09-25T17:11:15 IST" duration-ms="165" status="PASS">
          <reporter-output>
          </reporter-output>
        </test-method> <!-- tearDown -->
        <test-method is-config="true" signature="setUp()[pri:0, instance:Tests.RegisterTest@692f203f]" started-at="2025-09-25T17:11:15 IST" name="setUp" finished-at="2025-09-25T17:11:17 IST" duration-ms="2441" status="PASS">
          <reporter-output>
          </reporter-output>
        </test-method> <!-- setUp -->
        <test-method signature="testUserRegistration(java.lang.String,java.lang.String,java.lang.String,java.lang.String,java.lang.String,java.lang.String,java.lang.String,java.lang.String,java.lang.String,java.lang.String,java.lang.String)[pri:0, instance:Tests.RegisterTest@692f203f]" started-at="2025-09-25T17:11:17 IST" name="testUserRegistration" data-provider="registrationData" finished-at="2025-09-25T17:11:20 IST" duration-ms="2053" status="PASS">
          <params>
            <param index="0">
              <value>
                <![CDATA[Lakshmi]]>
              </value>
            </param>
            <param index="1">
              <value>
                <![CDATA[Narayan]]>
              </value>
            </param>
            <param index="2">
              <value>
                <![CDATA[456 Main Road]]>
              </value>
            </param>
            <param index="3">
              <value>
                <![CDATA[Chennai]]>
              </value>
            </param>
            <param index="4">
              <value>
                <![CDATA[Tamil Nadu]]>
              </value>
            </param>
            <param index="5">
              <value>
                <![CDATA[600001]]>
              </value>
            </param>
            <param index="6">
              <value>
                <![CDATA[9123456789]]>
              </value>
            </param>
            <param index="7">
              <value>
                <![CDATA[987654321]]>
              </value>
            </param>
            <param index="8">
              <value>
                <![CDATA[LakshmiQA2]]>
              </value>
            </param>
            <param index="9">
              <value>
                <![CDATA[Lakshmi@123]]>
              </value>
            </param>
            <param index="10">
              <value>
                <![CDATA[Lakshmi@123]]>
              </value>
            </param>
          </params>
          <reporter-output>
          </reporter-output>
        </test-method> <!-- testUserRegistration -->
        <test-method is-config="true" signature="tearDown()[pri:0, instance:Tests.RegisterTest@692f203f]" started-at="2025-09-25T17:11:20 IST" name="tearDown" finished-at="2025-09-25T17:11:20 IST" duration-ms="198" status="PASS">
          <reporter-output>
          </reporter-output>
        </test-method> <!-- tearDown -->
        <test-method is-config="true" signature="setUp()[pri:0, instance:Tests.RegisterTest@692f203f]" started-at="2025-09-25T17:11:20 IST" name="setUp" finished-at="2025-09-25T17:11:23 IST" duration-ms="3441" status="PASS">
          <reporter-output>
          </reporter-output>
        </test-method> <!-- setUp -->
        <test-method signature="testUserRegistration(java.lang.String,java.lang.String,java.lang.String,java.lang.String,java.lang.String,java.lang.String,java.lang.String,java.lang.String,java.lang.String,java.lang.String,java.lang.String)[pri:0, instance:Tests.RegisterTest@692f203f]" started-at="2025-09-25T17:11:23 IST" name="testUserRegistration" data-provider="registrationData" finished-at="2025-09-25T17:11:25 IST" duration-ms="2091" status="PASS">
          <params>
            <param index="0">
              <value>
                <![CDATA[Anita]]>
              </value>
            </param>
            <param index="1">
              <value>
                <![CDATA[Rao]]>
              </value>
            </param>
            <param index="2">
              <value>
                <![CDATA[789 Lake View]]>
              </value>
            </param>
            <param index="3">
              <value>
                <![CDATA[Hyderabad]]>
              </value>
            </param>
            <param index="4">
              <value>
                <![CDATA[Telangana]]>
              </value>
            </param>
            <param index="5">
              <value>
                <![CDATA[500001]]>
              </value>
            </param>
            <param index="6">
              <value>
                <![CDATA[9988776655]]>
              </value>
            </param>
            <param index="7">
              <value>
                <![CDATA[111222333]]>
              </value>
            </param>
            <param index="8">
              <value>
                <![CDATA[AnitaQA3]]>
              </value>
            </param>
            <param index="9">
              <value>
                <![CDATA[Anita@123]]>
              </value>
            </param>
            <param index="10">
              <value>
                <![CDATA[Anita@123]]>
              </value>
            </param>
          </params>
          <reporter-output>
          </reporter-output>
        </test-method> <!-- testUserRegistration -->
        <test-method is-config="true" signature="tearDown()[pri:0, instance:Tests.RegisterTest@692f203f]" started-at="2025-09-25T17:11:25 IST" name="tearDown" finished-at="2025-09-25T17:11:25 IST" duration-ms="206" status="PASS">
          <reporter-output>
          </reporter-output>
        </test-method> <!-- tearDown -->
      </class> <!-- Tests.RegisterTest -->
    </test> <!-- Default test -->
  </suite> <!-- Default suite -->
</testng-results>
